<?xml version="1.0" encoding="UTF-8"?>
<Site BuildName="Linux-clang++"
	BuildStamp="20231019-0001-Experimental"
	Name="LAPTOP-UI7CE4MO"
	Generator="ctest-3.16.3"
	CompilerName="/usr/bin/clang++"
	CompilerVersion="10.0.0"
	OSName="Linux"
	Hostname="LAPTOP-UI7CE4MO"
	OSRelease="5.15.90.1-microsoft-standard-WSL2"
	OSVersion="#1 SMP Fri Jan 27 02:56:13 UTC 2023"
	OSPlatform="x86_64"
	Is64Bits="1"
	VendorString="GenuineIntel"
	VendorID="Intel Corporation"
	FamilyID="6"
	ModelID="140"
	ProcessorCacheSize="12288"
	NumberOfLogicalCPU="8"
	NumberOfPhysicalCPU="4"
	TotalVirtualMemory="2048"
	TotalPhysicalMemory="7843"
	LogicalProcessorsPerPhysical="2"
	ProcessorClockFrequency="2803.21"
	>
	<Testing>
		<StartDateTime>Oct 18 17:01 PDT</StartDateTime>
		<StartTestTime>1697673691</StartTestTime>
		<TestList/>
		<EndDateTime>Oct 18 17:01 PDT</EndDateTime>
		<EndTestTime>1697673691</EndTestTime>
		<ElapsedMinutes>0</ElapsedMinutes>
	</Testing>
</Site>
